<?xml version="1.0" encoding="UTF-8"?>
<testsuite xmlns:xsi="http://www.w3.org/2001/XMLSchema-instance" xsi:noNamespaceSchemaLocation="https://maven.apache.org/surefire/maven-surefire-plugin/xsd/surefire-test-report.xsd" version="3.0.2" name="com.spring.dockercompose.SpringbootDockoreComposeApplicationTests" time="7.607" tests="1" errors="0" skipped="0" failures="0">
  <properties>
[...]
</properties>
  <testcase name="contextLoads" classname="com.spring.dockercompose.SpringbootDockoreComposeApplicationTests" time="0.879">
    <system-out><![CDATA[18:24:54.379 [main] INFO org.springframework.test.context.support.AnnotationConfigContextLoaderUtils -- Could not detect default configuration classes for test class [com.spring.dockercompose.SpringbootDockoreComposeApplicationTests]: SpringbootDockoreComposeApplicationTests does not declare any static, non-private, non-final, nested classes annotated with @Configuration.
18:24:54.536 [main] INFO org.springframework.boot.test.context.SpringBootTestContextBootstrapper -- Found @SpringBootConfiguration com.spring.dockercompose.SpringbootDockoreComposeApplication for test class com.spring.dockercompose.SpringbootDockoreComposeApplicationTests
18:24:54.774 [main] INFO org.springframework.boot.devtools.restart.RestartApplicationListener -- Restart disabled due to context in which it is running

  .   ____          _            __ _ _
 /\\ / ___'_ __ _ _(_)_ __  __ _ \ \ \ \
( ( )\___ | '_ | '_| | '_ \/ _` | \ \ \ \
 \\/  ___)| |_)| | | | | || (_| |  ) ) ) )
  '  |____| .__|_| |_|_| |_\__, | / / / /
 =========|_|==============|___/=/_/_/_/

 :: Spring Boot ::                (v3.5.3)

2025-06-20T18:24:55.066+05:30  INFO 18708 --- [SpringbootDockoreCompose] [           main] SpringbootDockoreComposeApplicationTests : Starting SpringbootDockoreComposeApplicationTests using Java 21.0.3 with PID 18708 (started by nani in D:\SpringBoot_Project\SpringbootDockoreCompose)
2025-06-20T18:24:55.067+05:30  INFO 18708 --- [SpringbootDockoreCompose] [           main] SpringbootDockoreComposeApplicationTests : No active profile set, falling back to 1 default profile: "default"
2025-06-20T18:24:56.263+05:30  INFO 18708 --- [SpringbootDockoreCompose] [           main] .s.d.r.c.RepositoryConfigurationDelegate : Bootstrapping Spring Data JPA repositories in DEFAULT mode.
2025-06-20T18:24:56.417+05:30  INFO 18708 --- [SpringbootDockoreCompose] [           main] .s.d.r.c.RepositoryConfigurationDelegate : Finished Spring Data repository scanning in 107 ms. Found 1 JPA repository interface.
2025-06-20T18:24:57.280+05:30  INFO 18708 --- [SpringbootDockoreCompose] [           main] o.hibernate.jpa.internal.util.LogHelper  : HHH000204: Processing PersistenceUnitInfo [name: default]
2025-06-20T18:24:57.377+05:30  INFO 18708 --- [SpringbootDockoreCompose] [           main] org.hibernate.Version                    : HHH000412: Hibernate ORM core version 6.6.18.Final
2025-06-20T18:24:57.416+05:30  INFO 18708 --- [SpringbootDockoreCompose] [           main] o.h.c.internal.RegionFactoryInitiator    : HHH000026: Second-level cache disabled
2025-06-20T18:24:57.792+05:30  INFO 18708 --- [SpringbootDockoreCompose] [           main] o.s.o.j.p.SpringPersistenceUnitInfo      : No LoadTimeWeaver setup: ignoring JPA class transformer
2025-06-20T18:24:57.862+05:30  INFO 18708 --- [SpringbootDockoreCompose] [           main] com.zaxxer.hikari.HikariDataSource       : HikariPool-1 - Starting...
2025-06-20T18:24:58.199+05:30  INFO 18708 --- [SpringbootDockoreCompose] [           main] com.zaxxer.hikari.pool.HikariPool        : HikariPool-1 - Added connection org.postgresql.jdbc.PgConnection@5ba184fc
2025-06-20T18:24:58.200+05:30  INFO 18708 --- [SpringbootDockoreCompose] [           main] com.zaxxer.hikari.HikariDataSource       : HikariPool-1 - Start completed.
2025-06-20T18:24:58.303+05:30  INFO 18708 --- [SpringbootDockoreCompose] [           main] org.hibernate.orm.connections.pooling    : HHH10001005: Database info:
	Database JDBC URL [Connecting through datasource 'HikariDataSource (HikariPool-1)']
	Database driver: undefined/unknown
	Database version: 17.2
	Autocommit mode: undefined/unknown
	Isolation level: undefined/unknown
	Minimum pool size: undefined/unknown
	Maximum pool size: undefined/unknown
2025-06-20T18:24:59.490+05:30  INFO 18708 --- [SpringbootDockoreCompose] [           main] o.h.e.t.j.p.i.JtaPlatformInitiator       : HHH000489: No JTA platform available (set 'hibernate.transaction.jta.platform' to enable JTA platform integration)
2025-06-20T18:24:59.550+05:30  INFO 18708 --- [SpringbootDockoreCompose] [           main] j.LocalContainerEntityManagerFactoryBean : Initialized JPA EntityManagerFactory for persistence unit 'default'
2025-06-20T18:25:00.129+05:30  WARN 18708 --- [SpringbootDockoreCompose] [           main] JpaBaseConfiguration$JpaWebConfiguration : spring.jpa.open-in-view is enabled by default. Therefore, database queries may be performed during view rendering. Explicitly configure spring.jpa.open-in-view to disable this warning
2025-06-20T18:25:00.858+05:30  INFO 18708 --- [SpringbootDockoreCompose] [           main] SpringbootDockoreComposeApplicationTests : Started SpringbootDockoreComposeApplicationTests in 6.093 seconds (process running for 7.472)
]]></system-out>
    <system-err><![CDATA[Mockito is currently self-attaching to enable the inline-mock-maker. This will no longer work in future releases of the JDK. Please add Mockito as an agent to your build as described in Mockito's documentation: https://javadoc.io/doc/org.mockito/mockito-core/latest/org.mockito/org/mockito/Mockito.html#0.3
WARNING: A Java agent has been loaded dynamically (C:\Users\nani\.m2\repository\net\bytebuddy\byte-buddy-agent\1.17.6\byte-buddy-agent-1.17.6.jar)
WARNING: If a serviceability tool is in use, please run with -XX:+EnableDynamicAgentLoading to hide this warning
WARNING: If a serviceability tool is not in use, please run with -Djdk.instrument.traceUsage for more information
WARNING: Dynamic loading of agents will be disallowed by default in a future release
]]></system-err>
  </testcase>
</testsuite>